Divide.cpp:3:20: error: expected ‘;’ before ‘void’
    3 | using namespace std
      |                    ^
      |                    ;
    4 | 
    5 | void main() {
      | ~~~~                
Divide.cpp:5:1: error: ‘::main’ must return ‘int’
    5 | void main() {
      | ^~~~
Divide.cpp: In function ‘int main()’:
Divide.cpp:10:8: error: no match for ‘operator>>’ (operand types are ‘std::ostream’ {aka ‘std::basic_ostream<char>’} and ‘const char [20]’)
   10 |   cout >> "Enter two numbers: ";
      |   ~~~~ ^~ ~~~~~~~~~~~~~~~~~~~~~
      |   |       |
      |   |       const char [20]
      |   std::ostream {aka std::basic_ostream<char>}
In file included from /usr/include/c++/9/string:56,
                 from /usr/include/c++/9/bits/locale_classes.h:40,
                 from /usr/include/c++/9/bits/ios_base.h:41,
                 from /usr/include/c++/9/ios:42,
                 from /usr/include/c++/9/ostream:38,
                 from /usr/include/c++/9/iostream:39,
                 from Divide.cpp:1:
/usr/include/c++/9/bits/basic_string.tcc:1466:5: note: candidate: ‘template<class _CharT, class _Traits, class _Alloc> std::basic_istream<_CharT, _Traits>& std::operator>>(std::basic_istream<_CharT, _Traits>&, std::__cxx11::basic_string<_CharT, _Traits, _Alloc>&)’
 1466 |     operator>>(basic_istream<_CharT, _Traits>& __in,
      |     ^~~~~~~~
/usr/include/c++/9/bits/basic_string.tcc:1466:5: note:   template argument deduction/substitution failed:
Divide.cpp:10:11: note:   ‘std::ostream’ {aka ‘std::basic_ostream<char>’} is not derived from ‘std::basic_istream<_CharT, _Traits>’
   10 |   cout >> "Enter two numbers: ";
      |           ^~~~~~~~~~~~~~~~~~~~~
In file included from /usr/include/c++/9/istream:991,
                 from /usr/include/c++/9/iostream:40,
                 from Divide.cpp:1:
/usr/include/c++/9/bits/istream.tcc:931:5: note: candidate: ‘template<class _CharT, class _Traits> std::basic_istream<_CharT, _Traits>& std::operator>>(std::basic_istream<_CharT, _Traits>&, _CharT&)’
  931 |     operator>>(basic_istream<_CharT, _Traits>& __in, _CharT& __c)
      |     ^~~~~~~~
/usr/include/c++/9/bits/istream.tcc:931:5: note:   template argument deduction/substitution failed:
Divide.cpp:10:11: note:   ‘std::ostream’ {aka ‘std::basic_ostream<char>’} is not derived from ‘std::basic_istream<_CharT, _Traits>’
   10 |   cout >> "Enter two numbers: ";
      |           ^~~~~~~~~~~~~~~~~~~~~
In file included from /usr/include/c++/9/iostream:40,
                 from Divide.cpp:1:
/usr/include/c++/9/istream:756:5: note: candidate: ‘template<class _Traits> std::basic_istream<char, _Traits>& std::operator>>(std::basic_istream<char, _Traits>&, unsigned char&)’
  756 |     operator>>(basic_istream<char, _Traits>& __in, unsigned char& __c)
      |     ^~~~~~~~
/usr/include/c++/9/istream:756:5: note:   template argument deduction/substitution failed:
Divide.cpp:10:11: note:   ‘std::ostream’ {aka ‘std::basic_ostream<char>’} is not derived from ‘std::basic_istream<char, _Traits>’
   10 |   cout >> "Enter two numbers: ";
      |           ^~~~~~~~~~~~~~~~~~~~~
In file included from /usr/include/c++/9/iostream:40,
                 from Divide.cpp:1:
/usr/include/c++/9/istream:761:5: note: candidate: ‘template<class _Traits> std::basic_istream<char, _Traits>& std::operator>>(std::basic_istream<char, _Traits>&, signed char&)’
  761 |     operator>>(basic_istream<char, _Traits>& __in, signed char& __c)
      |     ^~~~~~~~
/usr/include/c++/9/istream:761:5: note:   template argument deduction/substitution failed:
Divide.cpp:10:11: note:   ‘std::ostream’ {aka ‘std::basic_ostream<char>’} is not derived from ‘std::basic_istream<char, _Traits>’
   10 |   cout >> "Enter two numbers: ";
      |           ^~~~~~~~~~~~~~~~~~~~~
In file included from /usr/include/c++/9/istream:991,
                 from /usr/include/c++/9/iostream:40,
                 from Divide.cpp:1:
/usr/include/c++/9/bits/istream.tcc:963:5: note: candidate: ‘template<class _CharT2, class _Traits2> std::basic_istream<_CharT, _Traits>& std::operator>>(std::basic_istream<_CharT, _Traits>&, _CharT2*)’
  963 |     operator>>(basic_istream<_CharT, _Traits>& __in, _CharT* __s)
      |     ^~~~~~~~
/usr/include/c++/9/bits/istream.tcc:963:5: note:   template argument deduction/substitution failed:
Divide.cpp:10:11: note:   ‘std::ostream’ {aka ‘std::basic_ostream<char>’} is not derived from ‘std::basic_istream<_CharT, _Traits>’
   10 |   cout >> "Enter two numbers: ";
      |           ^~~~~~~~~~~~~~~~~~~~~
In file included from /usr/include/c++/9/iostream:40,
                 from Divide.cpp:1:
/usr/include/c++/9/istream:803:5: note: candidate: ‘template<class _Traits> std::basic_istream<char, _Traits>& std::operator>>(std::basic_istream<char, _Traits>&, unsigned char*)’
  803 |     operator>>(basic_istream<char, _Traits>& __in, unsigned char* __s)
      |     ^~~~~~~~
/usr/include/c++/9/istream:803:5: note:   template argument deduction/substitution failed:
Divide.cpp:10:11: note:   ‘std::ostream’ {aka ‘std::basic_ostream<char>’} is not derived from ‘std::basic_istream<char, _Traits>’
   10 |   cout >> "Enter two numbers: ";
      |           ^~~~~~~~~~~~~~~~~~~~~
In file included from /usr/include/c++/9/iostream:40,
                 from Divide.cpp:1:
/usr/include/c++/9/istream:808:5: note: candidate: ‘template<class _Traits> std::basic_istream<char, _Traits>& std::operator>>(std::basic_istream<char, _Traits>&, signed char*)’
  808 |     operator>>(basic_istream<char, _Traits>& __in, signed char* __s)
      |     ^~~~~~~~
/usr/include/c++/9/istream:808:5: note:   template argument deduction/substitution failed:
Divide.cpp:10:11: note:   ‘std::ostream’ {aka ‘std::basic_ostream<char>’} is not derived from ‘std::basic_istream<char, _Traits>’
   10 |   cout >> "Enter two numbers: ";
      |           ^~~~~~~~~~~~~~~~~~~~~
In file included from /usr/include/c++/9/iostream:40,
                 from Divide.cpp:1:
/usr/include/c++/9/istream:980:5: note: candidate: ‘template<class _Istream, class _Tp> typename std::enable_if<std::__and_<std::__not_<std::is_lvalue_reference<_Tp> >, std::__is_convertible_to_basic_istream<_Istream>, std::__is_extractable<typename std::__is_convertible_to_basic_istream<_Tp>::__istream_type, _Tp&&, void> >::value, typename std::__is_convertible_to_basic_istream<_Tp>::__istream_type>::type std::operator>>(_Istream&&, _Tp&&)’
  980 |     operator>>(_Istream&& __is, _Tp&& __x)
      |     ^~~~~~~~
/usr/include/c++/9/istream:980:5: note:   template argument deduction/substitution failed:
/usr/include/c++/9/istream: In substitution of ‘template<class _Istream, class _Tp> typename std::enable_if<std::__and_<std::__not_<std::is_lvalue_reference<_Tp> >, std::__is_convertible_to_basic_istream<_Istream>, std::__is_extractable<typename std::__is_convertible_to_basic_istream<_Tp>::__istream_type, _Tp&&, void> >::value, typename std::__is_convertible_to_basic_istream<_Tp>::__istream_type>::type std::operator>>(_Istream&&, _Tp&&) [with _Istream = std::basic_ostream<char>&; _Tp = const char (&)[20]]’:
Divide.cpp:10:11:   required from here
/usr/include/c++/9/istream:980:5: error: no type named ‘type’ in ‘struct std::enable_if<false, void>’
Divide.cpp:11:15: error: ‘b’ was not declared in this scope
   11 |   cin >> a >> b;
      |               ^
